<?xml version="1.0" encoding="UTF-8"?>
<!-- Generated by org.testng.reporters.JUnitReportReporter -->
<testsuite skipped="0" hostname="ip-172-31-22-187" name="test.SignUpTest" tests="1" failures="0" timestamp="30 Dec 2021 06:45:30 GMT" time="2.152" errors="0">
  <testcase name="singup" time="2.152" classname="test.SignUpTest"/>
</testsuite> <!-- test.SignUpTest -->
