<?xml version="1.0" encoding="UTF-8"?>
<!-- Generated by org.testng.reporters.JUnitReportReporter -->
<testsuite skipped="0" hostname="ip-172-31-22-187" name="test.AddProductTest" tests="1" failures="0" timestamp="30 Dec 2021 06:50:20 GMT" time="0.622" errors="0">
  <testcase name="AddProduct" time="0.622" classname="test.AddProductTest"/>
</testsuite> <!-- test.AddProductTest -->
