<?xml version="1.0" encoding="UTF-8"?>
<!-- Generated by org.testng.reporters.JUnitReportReporter -->
<testsuite skipped="0" hostname="ip-172-31-22-187" name="test.LoginTest" tests="1" failures="0" timestamp="30 Dec 2021 06:50:20 GMT" time="0.334" errors="0">
  <testcase name="login" time="0.334" classname="test.LoginTest"/>
</testsuite> <!-- test.LoginTest -->
